<?xml version="1.0" encoding="UTF-8"?>
<!-- Generated by org.testng.reporters.JUnitReportReporter -->
<testsuite skipped="0" hostname="Sumathis-MacBook.local" name="test.HomepageTest" tests="2" failures="0" timestamp="19 Jan 2017 18:27:41 GMT" time="14.760" errors="0">
  <testcase name="verifySocialLinks" time="6.029" classname="test.HomepageTest"/>
  <testcase name="verifyLoginLink" time="8.731" classname="test.HomepageTest"/>
</testsuite> <!-- test.HomepageTest -->
