<?xml version="1.0" encoding="UTF-8"?>
<!-- Generated by org.testng.reporters.JUnitReportReporter -->
<testsuite skipped="0" hostname="Sumathis-MacBook.local" name="automation.SelectRadioButtonExample" tests="2" failures="0" timestamp="19 Jan 2017 23:03:15 GMT" time="11.125" errors="0">
  <testcase name="selectButton" time="9.573" classname="automation.SelectRadioButtonExample"/>
  <testcase name="mulitpleSelectButton" time="1.552" classname="automation.SelectRadioButtonExample"/>
</testsuite> <!-- automation.SelectRadioButtonExample -->
